<?xml version="1.0"?>
<testsuite name="HeadlessChrome 0.0.0 (Windows 10 0.0.0)" package="" timestamp="2017-10-24T12:33:13" id="0" hostname="SKELSEY-PC" tests="44" errors="0" failures="2" time="0.335">
  <properties>
    <property name="browser.fullName" value="Mozilla/5.0 (Windows NT 10.0; Win64; x64) AppleWebKit/537.36 (KHTML, like Gecko) HeadlessChrome/61.0.3163.100 Safari/537.36"/>
  </properties>
  <testcase name="calendarController test: trainer changeWatcher() declared with function that returns an array onAdded" time="0.005" classname="HeadlessChrome_0_0_0_(Windows_10_0_0_0).calendarController"/>
  <testcase name="calendarController test: trainer changeWatcher() declared with function that returns an array onChanged" time="0.005" classname="HeadlessChrome_0_0_0_(Windows_10_0_0_0).calendarController"/>
  <testcase name="calendarController test: associate without batch should be redirected to '/noBatch'" time="0.003" classname="HeadlessChrome_0_0_0_(Windows_10_0_0_0).calendarController"/>
  <testcase name="calendarController test: associate should not be redirected" time="0.003" classname="HeadlessChrome_0_0_0_(Windows_10_0_0_0).calendarController"/>
  <testcase name="curriculumController sanitizeString it should replace spaces with underscores in the string" time="0.009" classname="HeadlessChrome_0_0_0_(Windows_10_0_0_0).curriculumController"/>
  <testcase name="curriculumController sanitizeString it should delete anything that is not a letter or number" time="0.004" classname="HeadlessChrome_0_0_0_(Windows_10_0_0_0).curriculumController"/>
  <testcase name="curriculumController get date it should return the date" time="0.005" classname="HeadlessChrome_0_0_0_(Windows_10_0_0_0).curriculumController"/>
  <testcase name="curriculumController get topic color it should return the topic color" time="0.01" classname="HeadlessChrome_0_0_0_(Windows_10_0_0_0).curriculumController">
    <failure type="">TypeError: Cannot read property 'name' of undefined
    at Object.$scope.setTopicColors (src/main/webapp/static/controller/curriculumController.js:9:7035)
    at UserContext.&lt;anonymous&gt; (src/test/tests/js/curriculumControllerTest.js:78:20)
</failure>
  </testcase>
  <testcase name="curriculumController add a week checks if the curriculumNumber is updated" time="0.003" classname="HeadlessChrome_0_0_0_(Windows_10_0_0_0).curriculumController"/>
  <testcase name="curriculumController delete a week checks if the curriculumNumber is updated" time="0.008" classname="HeadlessChrome_0_0_0_(Windows_10_0_0_0).curriculumController"/>
  <testcase name="curriculumController set master checks if the currriculum master has been updated" time="0.005" classname="HeadlessChrome_0_0_0_(Windows_10_0_0_0).curriculumController"/>
  <testcase name="Dashboard Controller dashboardController should be defined" time="0.008" classname="HeadlessChrome_0_0_0_(Windows_10_0_0_0).Dashboard Controller"/>
  <testcase name="Dashboard Controller Current Batch: Current Batch should respond to 200 response" time="0.004" classname="HeadlessChrome_0_0_0_(Windows_10_0_0_0).Dashboard Controller"/>
  <testcase name="navController Testing variables testing user variable" time="0.003" classname="HeadlessChrome_0_0_0_(Windows_10_0_0_0).navController"/>
  <testcase name="navController Testing variables testing userRole variable" time="0.008" classname="HeadlessChrome_0_0_0_(Windows_10_0_0_0).navController"/>
  <testcase name="navController Testing $on testing location with batchesAll" time="0.005" classname="HeadlessChrome_0_0_0_(Windows_10_0_0_0).navController"/>
  <testcase name="navController Testing $on testing location with batchesFuture" time="0.01" classname="HeadlessChrome_0_0_0_(Windows_10_0_0_0).navController"/>
  <testcase name="navController Testing $on testing location with batchesPast" time="0.003" classname="HeadlessChrome_0_0_0_(Windows_10_0_0_0).navController"/>
  <testcase name="navController Testing $on testing location with register" time="0.002" classname="HeadlessChrome_0_0_0_(Windows_10_0_0_0).navController"/>
  <testcase name="navController Testing $on testing location with associates" time="0.003" classname="HeadlessChrome_0_0_0_(Windows_10_0_0_0).navController"/>
  <testcase name="navController Testing $on testing location with editBatch" time="0.003" classname="HeadlessChrome_0_0_0_(Windows_10_0_0_0).navController"/>
  <testcase name="navController testing redirect testing the redirect" time="0.004" classname="HeadlessChrome_0_0_0_(Windows_10_0_0_0).navController"/>
  <testcase name="navController testing hideNav testing the delete" time="0.007" classname="HeadlessChrome_0_0_0_(Windows_10_0_0_0).navController"/>
  <testcase name="serviceTest should return the correct value when calling the get method" time="0.007" classname="HeadlessChrome_0_0_0_(Windows_10_0_0_0).serviceTest"/>
  <testcase name="serviceTest should return null value when calling the get method on a key which was never set" time="0.007" classname="HeadlessChrome_0_0_0_(Windows_10_0_0_0).serviceTest"/>
  <testcase name="serviceTest should return null value when calling the get method on a key which was unset" time="0.014" classname="HeadlessChrome_0_0_0_(Windows_10_0_0_0).serviceTest"/>
  <testcase name="serviceTest should return null value when calling the get method on a key which was removed" time="0.003" classname="HeadlessChrome_0_0_0_(Windows_10_0_0_0).serviceTest"/>
  <testcase name="Subtopic Add Controller subtopicController should be define" time="0.007" classname="HeadlessChrome_0_0_0_(Windows_10_0_0_0).Subtopic Add Controller"/>
  <testcase name="Subtopic Add Controller : Pool should respond to a 200 response" time="0.008" classname="HeadlessChrome_0_0_0_(Windows_10_0_0_0).Subtopic Add Controller"/>
  <testcase name="batchEditController testing batchEditController checking if controller starts" time="0.062" classname="HeadlessChrome_0_0_0_(Windows_10_0_0_0).batchEditController"/>
  <testcase name="associateViewController testing the view name should be loaded" time="0.01" classname="HeadlessChrome_0_0_0_(Windows_10_0_0_0).associateViewController"/>
  <testcase name="calendarController test: trainer should not be redirected" time="0.02" classname="HeadlessChrome_0_0_0_(Windows_10_0_0_0).calendarController"/>
  <testcase name="calendarController test: trainer should store the correct id in $rootScope and unset currentBatch" time="0.006" classname="HeadlessChrome_0_0_0_(Windows_10_0_0_0).calendarController"/>
  <testcase name="calendarController test: trainer with a batch that starts in the future should store the correct id in $rootScope and leave a copy of the batch in the session and unset currentBatch" time="0.006" classname="HeadlessChrome_0_0_0_(Windows_10_0_0_0).calendarController"/>
  <testcase name="calendarController test: trainer changeDateKeyPress should call changeDate" time="0.005" classname="HeadlessChrome_0_0_0_(Windows_10_0_0_0).calendarController"/>
  <testcase name="calendarController test: trainer changeDate should change the date and reset the search box" time="0.007" classname="HeadlessChrome_0_0_0_(Windows_10_0_0_0).calendarController"/>
  <testcase name="calendarController test: trainer unused and incomplete function currentBatch() should not throw exceptions" time="0.004" classname="HeadlessChrome_0_0_0_(Windows_10_0_0_0).calendarController"/>
  <testcase name="calendarController test: trainer eventFingerprint should handle dates as well as moments" time="0.009" classname="HeadlessChrome_0_0_0_(Windows_10_0_0_0).calendarController">
    <failure type="">Expected '7test eventsome/test/urlMon Oct 23 2017 08:33:13 GMT-0400Tue Oct 24 2017 08:33:13 GMT-0400 (Eastern Daylight Time)' to contain 1508761993.
    at UserContext.&lt;anonymous&gt; (src/test/tests/js/calendarControllerTest.js:254:32)
</failure>
    <failure type="">Expected '7test eventsome/test/urlMon Oct 23 2017 08:33:13 GMT-0400Tue Oct 24 2017 08:33:13 GMT-0400 (Eastern Daylight Time)' to contain 1508848393.
    at UserContext.&lt;anonymous&gt; (src/test/tests/js/calendarControllerTest.js:255:32)
</failure>
  </testcase>
  <testcase name="calendarController test: trainer sourceFingerprint should handle event objects with multiple formats without throwing exceptions" time="0.004" classname="HeadlessChrome_0_0_0_(Windows_10_0_0_0).calendarController"/>
  <testcase name="calendarController test: trainer sourceFingerprint should handle multiple non-objects wihthout throwing exceptions" time="0.003" classname="HeadlessChrome_0_0_0_(Windows_10_0_0_0).calendarController"/>
  <testcase name="calendarController test: trainer allEvents should not throw exception even if it has no data" time="0.009" classname="HeadlessChrome_0_0_0_(Windows_10_0_0_0).calendarController"/>
  <testcase name="calendarController test: trainer allEvents should return all events across multiple sources with multiple data formats" time="0.006" classname="HeadlessChrome_0_0_0_(Windows_10_0_0_0).calendarController"/>
  <testcase name="calendarController test: trainer changeWatcher() declared with array onAdded" time="0.009" classname="HeadlessChrome_0_0_0_(Windows_10_0_0_0).calendarController"/>
  <testcase name="calendarController test: trainer changeWatcher() declared with array onChanged" time="0.009" classname="HeadlessChrome_0_0_0_(Windows_10_0_0_0).calendarController"/>
  <system-out>
    <![CDATA[HeadlessChrome 0.0.0 (Windows 10 0.0.0) LOG: 'Initialized'
,HeadlessChrome 0.0.0 (Windows 10 0.0.0) LOG: 'Initialized'
,HeadlessChrome 0.0.0 (Windows 10 0.0.0) LOG: 'Initialized'
,HeadlessChrome 0.0.0 (Windows 10 0.0.0) LOG: 'Initialized'
,HeadlessChrome 0.0.0 (Windows 10 0.0.0) LOG: 'Initialized'
,HeadlessChrome 0.0.0 (Windows 10 0.0.0) LOG: 'Initialized'
,HeadlessChrome 0.0.0 (Windows 10 0.0.0) LOG: 'Initialized'
,HeadlessChrome 0.0.0 (Windows 10 0.0.0) LOG: 'Initialized'
,HeadlessChrome 0.0.0 (Windows 10 0.0.0) LOG: 'Initialized'
,HeadlessChrome 0.0.0 (Windows 10 0.0.0) LOG: 'Initialized'
,HeadlessChrome 0.0.0 (Windows 10 0.0.0) LOG: 'Initialized'
,HeadlessChrome 0.0.0 (Windows 10 0.0.0) LOG: 'Initialized'
,HeadlessChrome 0.0.0 (Windows 10 0.0.0) LOG: 'Initialized'
,HeadlessChrome 0.0.0 (Windows 10 0.0.0) LOG: 'Initialized'
,HeadlessChrome 0.0.0 (Windows 10 0.0.0) LOG: 'Initialized'
,HeadlessChrome 0.0.0 (Windows 10 0.0.0) LOG: 'Initialized'
,HeadlessChrome 0.0.0 (Windows 10 0.0.0) LOG: 'Initialized'
,HeadlessChrome 0.0.0 (Windows 10 0.0.0) LOG: 'started'
,HeadlessChrome 0.0.0 (Windows 10 0.0.0) LOG: 'started'

]]>
  </system-out>
  <system-err/>
</testsuite>